<?xml version="1.0" encoding="UTF-8"?>
<!-- Generated by org.testng.reporters.JUnitXMLReporter -->
<testsuite ignored="0" hostname="DESKTOP-1IBMQKL" failures="0" tests="9" name="Test" time="0.241" errors="0" timestamp="2023-08-03T18:52:15 IST">
  <testcase classname="testNG.DemoTestng" name="test1" time="0.008"/>
  <testcase classname="testNG.DemoTestng" name="test2" time="0.002"/>
  <testcase classname="testNG.DemoTestng" name="test3" time="0.002"/>
  <testcase classname="testNG.DemoTestng" name="test4" time="0.001"/>
  <testcase classname="testNG.DemoTestng" name="test5" time="0.002"/>
  <testcase classname="testNG.DemoTestng" name="test5" time="0.003"/>
  <testcase classname="testNG.DemoTestng" name="test5" time="0.002"/>
  <testcase classname="testNG.DemoTestng" name="test5" time="0.002"/>
  <testcase classname="testNG.DemoTestng" name="test5" time="0.006"/>
</testsuite> <!-- Test -->
