<?xml version="1.0" encoding="UTF-8"?>
<testsuite xmlns:xsi="http://www.w3.org/2001/XMLSchema-instance" xsi:noNamespaceSchemaLocation="https://maven.apache.org/surefire/maven-surefire-plugin/xsd/surefire-test-report-3.0.xsd" version="3.0" name="TestSuite" time="6.231" tests="67" errors="0" skipped="4" failures="5">
  <properties>
[...]
</properties>
  <testcase name="test1" classname="testNG.DemoTestng" time="0.007">
    <system-out><![CDATA[Before Suite
Before Test
Before Method
Test1
]]></system-out>
    <system-err><![CDATA[SLF4J: Failed to load class "org.slf4j.impl.StaticLoggerBinder".
SLF4J: Defaulting to no-operation (NOP) logger implementation
SLF4J: See http://www.slf4j.org/codes.html#StaticLoggerBinder for further details.
]]></system-err>
  </testcase>
  <testcase name="test1" classname="testNG.DemoTestng" time="0.001">
    <system-out><![CDATA[Before Method
Test1
]]></system-out>
  </testcase>
  <testcase name="test1" classname="testNG.DemoTestng" time="0.002">
    <system-out><![CDATA[Before Method
Test1
]]></system-out>
  </testcase>
  <testcase name="test1" classname="testNG.DemoTestng" time="0.0">
    <system-out><![CDATA[Before Method
Test1
]]></system-out>
  </testcase>
  <testcase name="test2" classname="testNG.DemoTestng" time="0.001">
    <system-out><![CDATA[After Method
Before Method
Test2
]]></system-out>
  </testcase>
  <testcase name="test2" classname="testNG.DemoTestng" time="0.001">
    <system-out><![CDATA[After Method
Before Method
Test2
]]></system-out>
  </testcase>
  <testcase name="test2" classname="testNG.DemoTestng" time="0.0">
    <system-out><![CDATA[After Method
Before Method
Test2
]]></system-out>
  </testcase>
  <testcase name="test2" classname="testNG.DemoTestng" time="0.006">
    <system-out><![CDATA[After Method
Before Method
Test2
]]></system-out>
  </testcase>
  <testcase name="test3" classname="testNG.DemoTestng" time="0.002">
    <system-out><![CDATA[After Method
Before Method
Test3
]]></system-out>
  </testcase>
  <testcase name="test3" classname="testNG.DemoTestng" time="0.0">
    <system-out><![CDATA[After Method
Before Method
Test3
]]></system-out>
  </testcase>
  <testcase name="test3" classname="testNG.DemoTestng" time="0.0">
    <system-out><![CDATA[After Method
Before Method
Test3
]]></system-out>
  </testcase>
  <testcase name="test3" classname="testNG.DemoTestng" time="0.0">
    <system-out><![CDATA[After Method
Before Method
Test3
]]></system-out>
  </testcase>
  <testcase name="test4" classname="testNG.DemoTestng" time="0.0">
    <system-out><![CDATA[After Method
Before Method
Test4
]]></system-out>
  </testcase>
  <testcase name="test4" classname="testNG.DemoTestng" time="0.001">
    <system-out><![CDATA[After Method
Before Method
Test4
]]></system-out>
  </testcase>
  <testcase name="test4" classname="testNG.DemoTestng" time="0.0">
    <system-out><![CDATA[After Method
Before Method
Test4
]]></system-out>
  </testcase>
  <testcase name="test4" classname="testNG.DemoTestng" time="0.003">
    <system-out><![CDATA[After Method
Before Method
Test4
]]></system-out>
  </testcase>
  <testcase name="test5" classname="testNG.DemoTestng" time="0.0">
    <system-out><![CDATA[After Method
Before Method
Test5
]]></system-out>
  </testcase>
  <testcase name="test5" classname="testNG.DemoTestng" time="0.004">
    <system-out><![CDATA[After Method
Before Method
Test5
]]></system-out>
  </testcase>
  <testcase name="test5" classname="testNG.DemoTestng" time="0.003">
    <system-out><![CDATA[After Method
Before Method
Test5
]]></system-out>
  </testcase>
  <testcase name="test5" classname="testNG.DemoTestng" time="0.0">
    <system-out><![CDATA[After Method
Before Method
Test5
]]></system-out>
  </testcase>
  <testcase name="test5" classname="testNG.DemoTestng" time="0.002">
    <system-out><![CDATA[After Method
Before Method
Test5
]]></system-out>
  </testcase>
  <testcase name="test5" classname="testNG.DemoTestng" time="0.001">
    <system-out><![CDATA[After Method
Before Method
Test5
]]></system-out>
  </testcase>
  <testcase name="test5" classname="testNG.DemoTestng" time="0.001">
    <system-out><![CDATA[After Method
Before Method
Test5
]]></system-out>
  </testcase>
  <testcase name="test5" classname="testNG.DemoTestng" time="0.002">
    <system-out><![CDATA[After Method
Before Method
Test5
]]></system-out>
  </testcase>
  <testcase name="test5" classname="testNG.DemoTestng" time="0.001">
    <system-out><![CDATA[After Method
Before Method
Test5
]]></system-out>
  </testcase>
  <testcase name="test5" classname="testNG.DemoTestng" time="0.0">
    <system-out><![CDATA[After Method
Before Method
Test5
]]></system-out>
  </testcase>
  <testcase name="test5" classname="testNG.DemoTestng" time="0.002">
    <system-out><![CDATA[After Method
Before Method
Test5
]]></system-out>
  </testcase>
  <testcase name="test5" classname="testNG.DemoTestng" time="0.0">
    <system-out><![CDATA[After Method
Before Method
Test5
]]></system-out>
  </testcase>
  <testcase name="test5" classname="testNG.DemoTestng" time="0.0">
    <system-out><![CDATA[After Method
Before Method
Test5
]]></system-out>
  </testcase>
  <testcase name="test5" classname="testNG.DemoTestng" time="0.0">
    <system-out><![CDATA[After Method
Before Method
Test5
]]></system-out>
  </testcase>
  <testcase name="test5" classname="testNG.DemoTestng" time="0.001">
    <system-out><![CDATA[After Method
Before Method
Test5
]]></system-out>
  </testcase>
  <testcase name="test5" classname="testNG.DemoTestng" time="0.0">
    <system-out><![CDATA[After Method
Before Method
Test5
]]></system-out>
  </testcase>
  <testcase name="test5" classname="testNG.DemoTestng" time="0.0">
    <system-out><![CDATA[After Method
Before Method
Test5
]]></system-out>
  </testcase>
  <testcase name="test5" classname="testNG.DemoTestng" time="0.0">
    <system-out><![CDATA[After Method
Before Method
Test5
]]></system-out>
  </testcase>
  <testcase name="test5" classname="testNG.DemoTestng" time="0.001">
    <system-out><![CDATA[After Method
Before Method
Test5
]]></system-out>
  </testcase>
  <testcase name="test5" classname="testNG.DemoTestng" time="0.0">
    <system-out><![CDATA[After Method
Before Method
Test5
]]></system-out>
  </testcase>
  <testcase name="browserLaunch" classname="testNG.PersonalLoan" time="0.058">
    <failure message="&#10;Parameter &apos;browser&apos; is required by @Test on method browserLaunch but has not been marked @Optional or defined&#10;in C:\Users\Dell\eclipse-workspace\Selenium_basic_project_1\xmlFiles\Regression.xml" type="org.testng.TestNGException"><![CDATA[org.testng.TestNGException: 

Parameter 'browser' is required by @Test on method browserLaunch but has not been marked @Optional or defined
in C:\Users\Dell\eclipse-workspace\Selenium_basic_project_1\xmlFiles\Regression.xml
	at org.testng.internal.Parameters.createParams(Parameters.java:267)
	at org.testng.internal.Parameters.createParametersForMethod(Parameters.java:355)
	at org.testng.internal.Parameters.createParameters(Parameters.java:684)
	at org.testng.internal.Parameters.handleParameters(Parameters.java:879)
	at org.testng.internal.Parameters.handleParameters(Parameters.java:728)
	at org.testng.internal.invokers.ParameterHandler.handleParameters(ParameterHandler.java:72)
	at org.testng.internal.invokers.ParameterHandler.createParameters(ParameterHandler.java:51)
	at org.testng.internal.invokers.TestInvoker$MethodInvocationAgent.invoke(TestInvoker.java:911)
	at org.testng.internal.invokers.TestInvoker.invokeTestMethods(TestInvoker.java:200)
	at org.testng.internal.invokers.TestMethodWorker.invokeTestMethods(TestMethodWorker.java:148)
	at org.testng.internal.invokers.TestMethodWorker.run(TestMethodWorker.java:128)
	at java.base/java.util.ArrayList.forEach(ArrayList.java:1511)
	at org.testng.TestRunner.privateRun(TestRunner.java:848)
	at org.testng.TestRunner.run(TestRunner.java:621)
	at org.testng.SuiteRunner.runTest(SuiteRunner.java:443)
	at org.testng.SuiteRunner.runSequentially(SuiteRunner.java:437)
	at org.testng.SuiteRunner.privateRun(SuiteRunner.java:397)
	at org.testng.SuiteRunner.run(SuiteRunner.java:336)
	at org.testng.SuiteRunnerWorker.runSuite(SuiteRunnerWorker.java:52)
	at org.testng.SuiteRunnerWorker.run(SuiteRunnerWorker.java:95)
	at org.testng.TestNG.runSuitesSequentially(TestNG.java:1280)
	at org.testng.TestNG.runSuitesSequentially(TestNG.java:1275)
	at org.testng.TestNG.runSuitesLocally(TestNG.java:1200)
	at org.testng.TestNG.runSuites(TestNG.java:1114)
	at org.testng.TestNG.run(TestNG.java:1082)
	at org.apache.maven.surefire.testng.TestNGExecutor.run(TestNGExecutor.java:308)
	at org.apache.maven.surefire.testng.TestNGXmlTestSuite.execute(TestNGXmlTestSuite.java:71)
	at org.apache.maven.surefire.testng.TestNGProvider.invoke(TestNGProvider.java:113)
	at org.apache.maven.surefire.booter.ForkedBooter.runSuitesInProcess(ForkedBooter.java:385)
	at org.apache.maven.surefire.booter.ForkedBooter.execute(ForkedBooter.java:162)
	at org.apache.maven.surefire.booter.ForkedBooter.run(ForkedBooter.java:507)
	at org.apache.maven.surefire.booter.ForkedBooter.main(ForkedBooter.java:495)
]]></failure>
    <system-out><![CDATA[After Method
I failed executed Listeners testbrowserLaunch
]]></system-out>
  </testcase>
  <testcase name="testloan1" classname="testNG.PersonalLoan" time="0.022">
    <system-out><![CDATA[Personal Loan
]]></system-out>
  </testcase>
  <testcase name="testloan1" classname="testNG.PersonalLoan" time="0.015">
    <system-out><![CDATA[Personal Loan
]]></system-out>
  </testcase>
  <testcase name="testloan1" classname="testNG.PersonalLoan" time="0.006">
    <system-out><![CDATA[Personal Loan
]]></system-out>
  </testcase>
  <testcase name="testloan1" classname="testNG.PersonalLoan" time="0.016">
    <system-out><![CDATA[Personal Loan
]]></system-out>
  </testcase>
  <testcase name="testloan3[user1, pass1](1)" classname="testNG.PersonalLoan" time="0.011">
    <system-out><![CDATA[user1: pass1
]]></system-out>
  </testcase>
  <testcase name="testloan3[user1, pass1](1)" classname="testNG.PersonalLoan" time="0.005">
    <system-out><![CDATA[user1: pass1
]]></system-out>
  </testcase>
  <testcase name="testloan3[user1, pass1](1)" classname="testNG.PersonalLoan" time="0.004">
    <system-out><![CDATA[user1: pass1
]]></system-out>
  </testcase>
  <testcase name="testloan3[user1, pass1](1)" classname="testNG.PersonalLoan" time="0.003">
    <system-out><![CDATA[user1: pass1
]]></system-out>
  </testcase>
  <testcase name="testloan3[user2, pass2](2)" classname="testNG.PersonalLoan" time="0.01">
    <system-out><![CDATA[user2: pass2
]]></system-out>
  </testcase>
  <testcase name="testloan3[user2, pass2](2)" classname="testNG.PersonalLoan" time="0.007">
    <system-out><![CDATA[user2: pass2
]]></system-out>
  </testcase>
  <testcase name="testloan3[user2, pass2](2)" classname="testNG.PersonalLoan" time="0.002">
    <system-out><![CDATA[user2: pass2
]]></system-out>
  </testcase>
  <testcase name="testloan3[user2, pass2](2)" classname="testNG.PersonalLoan" time="0.006">
    <system-out><![CDATA[user2: pass2
]]></system-out>
  </testcase>
  <testcase name="browserLaunch[CHROME](1)" classname="testNG.PersonalLoan" time="0.008">
    <system-out><![CDATA[CHROME
]]></system-out>
  </testcase>
  <testcase name="testloan2[//https:goggle.com](1)" classname="testNG.PersonalLoan" time="0.006">
    <system-out><![CDATA[Bussiness Loan
//https:goggle.com
]]></system-out>
  </testcase>
  <testcase name="testloan2[//https:goggle.com](1)" classname="testNG.PersonalLoan" time="0.003">
    <system-out><![CDATA[Bussiness Loan
//https:goggle.com
]]></system-out>
  </testcase>
  <testcase name="testloan2[//https:goggle.com](1)" classname="testNG.PersonalLoan" time="0.004">
    <system-out><![CDATA[Bussiness Loan
//https:goggle.com
]]></system-out>
  </testcase>
  <testcase name="browserLaunch[IX](1)" classname="testNG.PersonalLoan" time="0.002">
    <system-out><![CDATA[Bussiness Loan
IX
]]></system-out>
  </testcase>
  <testcase name="browserLaunch[Firefox](1)" classname="testNG.PersonalLoan" time="0.037">
    <system-out><![CDATA[Bussiness Loan
Firefox
]]></system-out>
  </testcase>
  <testcase name="carTest1" classname="testNG.CarLoan" time="1.023">
    <failure message="Method testNG.CarLoan.carTest1() didn&apos;t finish within the time-out 1000" type="org.testng.internal.thread.ThreadTimeoutException"><![CDATA[org.testng.internal.thread.ThreadTimeoutException: Method testNG.CarLoan.carTest1() didn't finish within the time-out 1000
	at java.base@17.0.7/java.lang.Thread.sleep(Native Method)
	at app//testNG.CarLoan.carTest1(CarLoan.java:12)
	at java.base@17.0.7/jdk.internal.reflect.NativeMethodAccessorImpl.invoke0(Native Method)
	at java.base@17.0.7/jdk.internal.reflect.NativeMethodAccessorImpl.invoke(NativeMethodAccessorImpl.java:77)
	at java.base@17.0.7/jdk.internal.reflect.DelegatingMethodAccessorImpl.invoke(DelegatingMethodAccessorImpl.java:43)
	at java.base@17.0.7/java.lang.reflect.Method.invoke(Method.java:568)
	at app//org.testng.internal.invokers.MethodInvocationHelper.invokeMethod(MethodInvocationHelper.java:139)
	at app//org.testng.internal.invokers.InvokeMethodRunnable.runOne(InvokeMethodRunnable.java:47)
	at app//org.testng.internal.invokers.InvokeMethodRunnable.call(InvokeMethodRunnable.java:76)
	at app//org.testng.internal.invokers.InvokeMethodRunnable.call(InvokeMethodRunnable.java:11)
	at java.base@17.0.7/java.util.concurrent.FutureTask.run(FutureTask.java:264)
	at java.base@17.0.7/java.util.concurrent.ThreadPoolExecutor.runWorker(ThreadPoolExecutor.java:1136)
	at java.base@17.0.7/java.util.concurrent.ThreadPoolExecutor$Worker.run(ThreadPoolExecutor.java:635)
	at java.base@17.0.7/java.lang.Thread.run(Thread.java:833)
]]></failure>
    <system-out><![CDATA[I failed executed Listeners testcarTest1
]]></system-out>
  </testcase>
  <testcase name="carTest1" classname="testNG.CarLoan" time="1.01">
    <failure message="Method testNG.CarLoan.carTest1() didn&apos;t finish within the time-out 1000" type="org.testng.internal.thread.ThreadTimeoutException"><![CDATA[org.testng.internal.thread.ThreadTimeoutException: Method testNG.CarLoan.carTest1() didn't finish within the time-out 1000
	at org.testng.internal.invokers.MethodInvocationHelper.invokeWithTimeoutWithNoExecutor(MethodInvocationHelper.java:360)
	at org.testng.internal.invokers.MethodInvocationHelper.invokeWithTimeout(MethodInvocationHelper.java:301)
	at org.testng.internal.invokers.TestInvoker.invokeMethod(TestInvoker.java:673)
	at org.testng.internal.invokers.TestInvoker.invokeTestMethod(TestInvoker.java:227)
	at org.testng.internal.invokers.MethodRunner.runInSequence(MethodRunner.java:50)
	at org.testng.internal.invokers.TestInvoker$MethodInvocationAgent.invoke(TestInvoker.java:957)
	at org.testng.internal.invokers.TestInvoker.invokeTestMethods(TestInvoker.java:200)
	at org.testng.internal.invokers.TestMethodWorker.invokeTestMethods(TestMethodWorker.java:148)
	at org.testng.internal.invokers.TestMethodWorker.run(TestMethodWorker.java:128)
	at java.base/java.util.concurrent.ThreadPoolExecutor.runWorker(ThreadPoolExecutor.java:1136)
	at java.base/java.util.concurrent.ThreadPoolExecutor$Worker.run(ThreadPoolExecutor.java:635)
	at java.base/java.lang.Thread.run(Thread.java:833)
]]></failure>
    <system-out><![CDATA[After Method
I failed executed Listeners testcarTest1
]]></system-out>
  </testcase>
  <testcase name="carTest1" classname="testNG.CarLoan" time="0.986">
    <failure message="Method testNG.CarLoan.carTest1() didn&apos;t finish within the time-out 1000" type="org.testng.internal.thread.ThreadTimeoutException"><![CDATA[org.testng.internal.thread.ThreadTimeoutException: Method testNG.CarLoan.carTest1() didn't finish within the time-out 1000
	at org.testng.internal.invokers.MethodInvocationHelper.invokeWithTimeoutWithNoExecutor(MethodInvocationHelper.java:360)
	at org.testng.internal.invokers.MethodInvocationHelper.invokeWithTimeout(MethodInvocationHelper.java:301)
	at org.testng.internal.invokers.TestInvoker.invokeMethod(TestInvoker.java:673)
	at org.testng.internal.invokers.TestInvoker.invokeTestMethod(TestInvoker.java:227)
	at org.testng.internal.invokers.MethodRunner.runInSequence(MethodRunner.java:50)
	at org.testng.internal.invokers.TestInvoker$MethodInvocationAgent.invoke(TestInvoker.java:957)
	at org.testng.internal.invokers.TestInvoker.invokeTestMethods(TestInvoker.java:200)
	at org.testng.internal.invokers.TestMethodWorker.invokeTestMethods(TestMethodWorker.java:148)
	at org.testng.internal.invokers.TestMethodWorker.run(TestMethodWorker.java:128)
	at java.base/java.util.concurrent.ThreadPoolExecutor.runWorker(ThreadPoolExecutor.java:1136)
	at java.base/java.util.concurrent.ThreadPoolExecutor$Worker.run(ThreadPoolExecutor.java:635)
	at java.base/java.lang.Thread.run(Thread.java:833)
]]></failure>
    <system-out><![CDATA[After Method
I failed executed Listeners testcarTest1
]]></system-out>
  </testcase>
  <testcase name="carTest1" classname="testNG.CarLoan" time="0.913">
    <failure message="Method testNG.CarLoan.carTest1() didn&apos;t finish within the time-out 1000" type="org.testng.internal.thread.ThreadTimeoutException"><![CDATA[org.testng.internal.thread.ThreadTimeoutException: Method testNG.CarLoan.carTest1() didn't finish within the time-out 1000
	at org.testng.internal.invokers.MethodInvocationHelper.invokeWithTimeoutWithNoExecutor(MethodInvocationHelper.java:360)
	at org.testng.internal.invokers.MethodInvocationHelper.invokeWithTimeout(MethodInvocationHelper.java:301)
	at org.testng.internal.invokers.TestInvoker.invokeMethod(TestInvoker.java:673)
	at org.testng.internal.invokers.TestInvoker.invokeTestMethod(TestInvoker.java:227)
	at org.testng.internal.invokers.MethodRunner.runInSequence(MethodRunner.java:50)
	at org.testng.internal.invokers.TestInvoker$MethodInvocationAgent.invoke(TestInvoker.java:957)
	at org.testng.internal.invokers.TestInvoker.invokeTestMethods(TestInvoker.java:200)
	at org.testng.internal.invokers.TestMethodWorker.invokeTestMethods(TestMethodWorker.java:148)
	at org.testng.internal.invokers.TestMethodWorker.run(TestMethodWorker.java:128)
	at java.base/java.util.concurrent.ThreadPoolExecutor.runWorker(ThreadPoolExecutor.java:1136)
	at java.base/java.util.concurrent.ThreadPoolExecutor$Worker.run(ThreadPoolExecutor.java:635)
	at java.base/java.lang.Thread.run(Thread.java:833)
]]></failure>
    <system-out><![CDATA[After Method
I failed executed Listeners testcarTest1
]]></system-out>
  </testcase>
  <testcase name="JCBTest2" classname="testNG.CarLoan" time="0.005">
    <system-out><![CDATA[JCB Loan
]]></system-out>
  </testcase>
  <testcase name="JCBTest2" classname="testNG.CarLoan" time="0.0">
    <system-out><![CDATA[Before Suite
Before Test
JCB Loan
Bussiness Loan
]]></system-out>
  </testcase>
  <testcase name="JCBTest2" classname="testNG.CarLoan" time="0.0">
    <system-out><![CDATA[Before Test
JCB Loan
]]></system-out>
  </testcase>
  <testcase name="JCBTest2" classname="testNG.CarLoan" time="0.0">
    <system-out><![CDATA[Before Test
JCB Loan
]]></system-out>
  </testcase>
  <testcase name="homeTest3" classname="testNG.CarLoan" time="0.0">
    <skipped message="Method testNG.CarLoan.homeTest3() on instance testNG.CarLoan@304bb45b depends on not successfully finished methods &#10;[testNG.CarLoan.carTest1() on instance testNG.CarLoan@304bb45b]"/>
  </testcase>
  <testcase name="homeTest3" classname="testNG.CarLoan" time="0.0">
    <skipped message="Method testNG.CarLoan.homeTest3() on instance testNG.CarLoan@4bdeaabb depends on not successfully finished methods &#10;[testNG.CarLoan.carTest1() on instance testNG.CarLoan@4bdeaabb]"/>
  </testcase>
  <testcase name="homeTest3" classname="testNG.CarLoan" time="0.0">
    <skipped message="Method testNG.CarLoan.homeTest3() on instance testNG.CarLoan@6b695b06 depends on not successfully finished methods &#10;[testNG.CarLoan.carTest1() on instance testNG.CarLoan@6b695b06]"/>
  </testcase>
  <testcase name="homeTest3" classname="testNG.CarLoan" time="0.0">
    <skipped message="Method testNG.CarLoan.homeTest3() on instance testNG.CarLoan@6f01b95f depends on not successfully finished methods &#10;[testNG.CarLoan.carTest1() on instance testNG.CarLoan@6f01b95f]"/>
  </testcase>
</testsuite>