<?xml version="1.0" encoding="UTF-8"?>
<!-- Generated by org.testng.reporters.JUnitXMLReporter -->
<testsuite ignored="0" hostname="DESKTOP-1IBMQKL" failures="1" tests="3" name="Car Loan" time="1.04" errors="0" timestamp="2023-08-10T17:14:44 IST">
  <testcase classname="testNG.CarLoan" name="carTest1" time="1.018">
    <failure type="org.testng.internal.thread.ThreadTimeoutException" message="Method testNG.CarLoan.carTest1() didn&amp;apos;t finish within the time-out 1000">
      <![CDATA[org.testng.internal.thread.ThreadTimeoutException: Method testNG.CarLoan.carTest1() didn't finish within the time-out 1000
at java.base@17.0.7/java.lang.Thread.sleep(Native Method)
at app//testNG.CarLoan.carTest1(CarLoan.java:12)
at java.base@17.0.7/java.util.concurrent.FutureTask.run(FutureTask.java:264)
at java.base@17.0.7/java.util.concurrent.ThreadPoolExecutor.runWorker(ThreadPoolExecutor.java:1136)
at java.base@17.0.7/java.util.concurrent.ThreadPoolExecutor$Worker.run(ThreadPoolExecutor.java:635)
at java.base@17.0.7/java.lang.Thread.run(Thread.java:833)
... Removed 8 stack frames]]>
    </failure>
  </testcase> <!-- carTest1 -->
  <testcase classname="testNG.CarLoan" name="JCBTest2" time="0.002"/>
  <testcase classname="testNG.CarLoan" name="homeTest3" time="0.0">
    <skipped/>
  </testcase> <!-- homeTest3 -->
</testsuite> <!-- Car Loan -->
